proguard/seeds.txt
com.lewisen.goodnight.CSplashActivity
com.lewisen.goodnight.CSplashActivity: CSplashActivity()
com.lewisen.goodnight.MainActivity
com.lewisen.goodnight.MainActivity: MainActivity()
com.lewisen.goodnight.MyApplication
com.lewisen.goodnight.MyApplication: MyApplication()
com.lewisen.goodnight.R$anim
com.lewisen.goodnight.R$anim: int pop_fade_in
com.lewisen.goodnight.R$anim: int umeng_fb_audio_play_anim
com.lewisen.goodnight.R$anim: int umeng_fb_dialog_enter_anim
com.lewisen.goodnight.R$anim: int umeng_fb_dialog_exit_anim
com.lewisen.goodnight.R$anim: int umeng_socialize_fade_in
com.lewisen.goodnight.R$anim: int umeng_socialize_fade_out
com.lewisen.goodnight.R$anim: int umeng_socialize_shareboard_animation_in
com.lewisen.goodnight.R$anim: int umeng_socialize_shareboard_animation_out
com.lewisen.goodnight.R$anim: int umeng_socialize_slide_in_from_bottom
com.lewisen.goodnight.R$anim: int umeng_socialize_slide_out_from_bottom
com.lewisen.goodnight.R$array
com.lewisen.goodnight.R$array: int umeng_fb_contact_key_array
com.lewisen.goodnight.R$array: int umeng_fb_contact_type_array
com.lewisen.goodnight.R$array: int umeng_fb_tabs_title
com.lewisen.goodnight.R$attr
com.lewisen.goodnight.R$attr: int action_bar
com.lewisen.goodnight.R$attr: int back
com.lewisen.goodnight.R$attr: int bg_color
com.lewisen.goodnight.R$attr: int collected
com.lewisen.goodnight.R$attr: int eye
com.lewisen.goodnight.R$attr: int feedback
com.lewisen.goodnight.R$attr: int info
com.lewisen.goodnight.R$attr: int line_color
com.lewisen.goodnight.R$attr: int menu
com.lewisen.goodnight.R$attr: int music_play
com.lewisen.goodnight.R$attr: int music_stop
com.lewisen.goodnight.R$attr: int nightmode
com.lewisen.goodnight.R$attr: int text_color
com.lewisen.goodnight.R$color
com.lewisen.goodnight.R$color: int actionbar_day
com.lewisen.goodnight.R$color: int actionbar_night
com.lewisen.goodnight.R$color: int bg_day
com.lewisen.goodnight.R$color: int bg_night
com.lewisen.goodnight.R$color: int line_day
com.lewisen.goodnight.R$color: int line_night
com.lewisen.goodnight.R$color: int text_day
com.lewisen.goodnight.R$color: int text_night
com.lewisen.goodnight.R$color: int umeng_fb_audo_dialog_bg
com.lewisen.goodnight.R$color: int umeng_fb_background
com.lewisen.goodnight.R$color: int umeng_fb_gray
com.lewisen.goodnight.R$color: int umeng_fb_lightblue
com.lewisen.goodnight.R$color: int umeng_fb_line
com.lewisen.goodnight.R$color: int umeng_fb_secondary_text_light
com.lewisen.goodnight.R$color: int umeng_fb_tab_bg_pressed
com.lewisen.goodnight.R$color: int umeng_fb_white
com.lewisen.goodnight.R$color: int umeng_socialize_color_group
com.lewisen.goodnight.R$color: int umeng_socialize_comments_bg
com.lewisen.goodnight.R$color: int umeng_socialize_divider
com.lewisen.goodnight.R$color: int umeng_socialize_edit_bg
com.lewisen.goodnight.R$color: int umeng_socialize_grid_divider_line
com.lewisen.goodnight.R$color: int umeng_socialize_list_item_bgcolor
com.lewisen.goodnight.R$color: int umeng_socialize_list_item_textcolor
com.lewisen.goodnight.R$color: int umeng_socialize_text_friends_list
com.lewisen.goodnight.R$color: int umeng_socialize_text_share_content
com.lewisen.goodnight.R$color: int umeng_socialize_text_time
...
com.umeng.socialize.sso.UMQQSsoHandler$7$1
com.umeng.socialize.sso.UMQQSsoHandler$8
com.umeng.socialize.sso.UMSsoHandler
com.umeng.socialize.sso.UMTencentSsoHandler
com.umeng.socialize.sso.UMTencentSsoHandler$1
com.umeng.socialize.sso.UMTencentSsoHandler$2
com.umeng.socialize.sso.UMTencentSsoHandler$3
com.umeng.socialize.sso.UMTencentSsoHandler$4
com.umeng.socialize.sso.UMTencentSsoHandler$ObtainAppIdListener
com.umeng.socialize.sso.UMTencentSsoHandler$ObtainImageUrlListener
com.umeng.socialize.sso.a
com.umeng.socialize.utils.BitmapUtils
com.umeng.socialize.utils.BitmapUtils$FileLastModifSort
com.umeng.socialize.utils.DeviceConfig
com.umeng.socialize.utils.ListenerUtils
com.umeng.socialize.utils.ListenerUtils$1
com.umeng.socialize.utils.ListenerUtils$2
com.umeng.socialize.utils.ListenerUtils$3
com.umeng.socialize.utils.LoadingDialog
com.umeng.socialize.utils.Log
com.umeng.socialize.utils.LoginInfoHelp
com.umeng.socialize.utils.OauthHelper
com.umeng.socialize.utils.ResUtil
com.umeng.socialize.utils.ResUtil$1
com.umeng.socialize.utils.ResUtil$BindDrawableListener
com.umeng.socialize.utils.ResUtil$BindMode
com.umeng.socialize.utils.ResUtil$BindMode: com.umeng.socialize.utils.ResUtil$BindMode[] values()
com.umeng.socialize.utils.ResUtil$BindMode: com.umeng.socialize.utils.ResUtil$BindMode valueOf(java.lang.String)
com.umeng.socialize.utils.ResUtil$FetchTask
com.umeng.socialize.utils.SocializeUtils
com.umeng.socialize.utils.StatisticsDataUtils
com.umeng.socialize.view.BaseComentActivity
com.umeng.socialize.view.BaseComentActivity: BaseComentActivity()
com.umeng.socialize.view.BaseComentActivity$1
com.umeng.socialize.view.BaseComentActivity$2
com.umeng.socialize.view.BaseComentActivity$2$1
com.umeng.socialize.view.BaseComentActivity$2$2
com.umeng.socialize.view.BaseComentActivity$FetchDataListener
com.umeng.socialize.view.CommentActivity
com.umeng.socialize.view.CommentActivity: CommentActivity()
com.umeng.socialize.view.CommentActivity$1
com.umeng.socialize.view.CommentActivity$2
com.umeng.socialize.view.CommentActivity$2$1
com.umeng.socialize.view.CommentActivity$2$2
com.umeng.socialize.view.CommentActivity$3
com.umeng.socialize.view.CommentActivity$4
com.umeng.socialize.view.CommentActivity$5
com.umeng.socialize.view.CommentActivity$6
com.umeng.socialize.view.CommentActivity$7
com.umeng.socialize.view.CommentActivity$8
com.umeng.socialize.view.CommentActivity$9
com.umeng.socialize.view.CommentDetail
com.umeng.socialize.view.CommentDetail: CommentDetail()
com.umeng.socialize.view.CommentDetail$1
com.umeng.socialize.view.CommentDetailNoMap
com.umeng.socialize.view.CommentDetailNoMap: CommentDetailNoMap()
com.umeng.socialize.view.CommentDetailNoMap$1
com.umeng.socialize.view.CommentPostDialog
com.umeng.socialize.view.CommentPostDialog$1
com.umeng.socialize.view.CommentPostDialog$2
com.umeng.socialize.view.CommentPostDialog$3
com.umeng.socialize.view.CommentPostDialog$4
com.umeng.socialize.view.CommentPostDialog$4$1
com.umeng.socialize.view.CommentPostDialog$5
com.umeng.socialize.view.CommentPostDialog$6
com.umeng.socialize.view.CommentPostDialog$7
com.umeng.socialize.view.CommentPostDialog$InternalPlatform
com.umeng.socialize.view.CommentPostDialog$InternalPlatform$1
com.umeng.socialize.view.CommentPostDialog$InternalPlatform$2
com.umeng.socialize.view.LoginAgent
com.umeng.socialize.view.ShareActivity
com.umeng.socialize.view.ShareActivity: ShareActivity()
com.umeng.socialize.view.SocializeAlertDialog
com.umeng.socialize.view.SocializeAlertDialog$Builder
com.umeng.socialize.view.SocializeAlertDialog$SwitchListener
com.umeng.socialize.view.SocializeFooter
com.umeng.socialize.view.SocializeFooter$1
com.umeng.socialize.view.SocializeFooter$STATUS
com.umeng.socialize.view.SocializeFooter$STATUS: com.umeng.socialize.view.SocializeFooter$STATUS[] values()
com.umeng.socialize.view.SocializeFooter$STATUS: com.umeng.socialize.view.SocializeFooter$STATUS valueOf(java.lang.String)