proguard/mapping.txt
com.lewisen.goodnight.BuildConfig -> com.lewisen.goodnight.a:
    boolean DEBUG -> a
com.lewisen.goodnight.CSplashActivity -> com.lewisen.goodnight.CSplashActivity:
    java.util.Timer timer -> b
    java.util.TimerTask task -> c
    android.os.Handler handler -> d
    int time -> e
    android.widget.Button jumpButton -> f
    boolean waitingOnRestart -> a
    31:83:void onCreate(android.os.Bundle) -> onCreate
    88:112:void timeTask() -> a
    122:129:void jumpWhenCanClick() -> b
    137:142:void jump() -> c
    146:150:void onRestart() -> onRestart
    23:23:java.util.Timer access$0(com.lewisen.goodnight.CSplashActivity) -> a
    120:120:void access$1(com.lewisen.goodnight.CSplashActivity) -> b
    134:134:void access$2(com.lewisen.goodnight.CSplashActivity) -> c
    26:26:int access$3(com.lewisen.goodnight.CSplashActivity) -> d
    26:26:void access$4(com.lewisen.goodnight.CSplashActivity,int) -> a
    27:27:android.widget.Button access$5(com.lewisen.goodnight.CSplashActivity) -> e
    25:25:android.os.Handler access$6(com.lewisen.goodnight.CSplashActivity) -> f
com.lewisen.goodnight.CSplashActivity$1 -> com.lewisen.goodnight.b:
    com.lewisen.goodnight.CSplashActivity this$0 -> a
    42:44:void onClick(android.view.View) -> onClick
com.lewisen.goodnight.CSplashActivity$2 -> com.lewisen.goodnight.c:
    com.lewisen.goodnight.CSplashActivity this$0 -> a
    51:53:void onAdDismissed() -> onAdDismissed
    58:60:void onAdFailed(java.lang.String) -> onAdFailed
    65:65:void onAdPresent() -> onAdPresent
    71:71:void onAdClick() -> onAdClick
com.lewisen.goodnight.CSplashActivity$3 -> com.lewisen.goodnight.d:
    com.lewisen.goodnight.CSplashActivity this$0 -> a
    92:99:void handleMessage(android.os.Message) -> handleMessage
com.lewisen.goodnight.CSplashActivity$4 -> com.lewisen.goodnight.e:
    com.lewisen.goodnight.CSplashActivity this$0 -> a
    107:108:void run() -> run
com.lewisen.goodnight.DisplayImage -> com.lewisen.goodnight.f:
    com.nostra13.universalimageloader.core.ImageLoader imageLoader -> b
    com.nostra13.universalimageloader.core.DisplayImageOptions options -> a
    29:36:void displayImage(android.widget.ImageView,java.lang.String) -> a
    47:52:java.io.File getImageCachePath(java.lang.String) -> a
    56:58:void cleanCache() -> a
    61:67:void initImageLoader() -> b
com.lewisen.goodnight.GetJsonFromNet -> com.lewisen.goodnight.g:
    35:74:org.json.JSONObject getJsonObj(java.lang.String,int,int) -> a
com.lewisen.goodnight.GuideHelper -> com.lewisen.goodnight.h:
    android.app.Activity context -> a
    android.view.ViewGroup rootLayout -> b
    com.lewisen.goodnight.ScrollLayout scrollLayout -> c
    int[] guideResIds -> d
    java.lang.String GUIDE_VERSION_NAME -> e
    int GUIDE_VERSION_CODE -> f
    49:55:void createGuideLayout() -> d
    64:76:void initGuideView() -> a
    86:90:android.view.View makeGuideView(int) -> a
    100:103:void openGuide() -> b
    113:146:void closeGuide() -> c
    156:160:void saveGuideVersion() -> e
    170:175:boolean guideCheck() -> f
    28:28:android.view.ViewGroup access$0(com.lewisen.goodnight.GuideHelper) -> a
    154:154:void access$1(com.lewisen.goodnight.GuideHelper) -> b
com.lewisen.goodnight.GuideHelper$1 -> com.lewisen.goodnight.i:
    com.lewisen.goodnight.GuideHelper this$0 -> a
    72:73:void scrollEnd() -> a
com.lewisen.goodnight.GuideHelper$2 -> com.lewisen.goodnight.j:
    com.lewisen.goodnight.GuideHelper this$0 -> a
    129:129:void onAnimationStart(android.view.animation.Animation) -> onAnimationStart
    133:136:void onAnimationEnd(android.view.animation.Animation) -> onAnimationEnd
    141:141:void onAnimationRepeat(android.view.animation.Animation) -> onAnimationRepeat
...
android.support.v4.widget.ScrollerCompatGingerbread -> android.support.v4.widget.aa:
    26:26:java.lang.Object createScroller(android.content.Context,android.view.animation.Interpolator) -> a
    31:31:boolean isFinished(java.lang.Object) -> a
    35:35:int getCurrX(java.lang.Object) -> b
    39:39:int getCurrY(java.lang.Object) -> c
    43:43:boolean computeScrollOffset(java.lang.Object) -> d
    47:48:void startScroll(java.lang.Object,int,int,int,int) -> a
    52:53:void startScroll(java.lang.Object,int,int,int,int,int) -> a
    57:58:void fling(java.lang.Object,int,int,int,int,int,int,int,int) -> a
    62:64:void fling(java.lang.Object,int,int,int,int,int,int,int,int,int,int) -> a
    67:68:void abortAnimation(java.lang.Object) -> e
    72:73:void notifyHorizontalEdgeReached(java.lang.Object,int,int,int) -> a
    76:77:void notifyVerticalEdgeReached(java.lang.Object,int,int,int) -> b
    80:80:boolean isOverScrolled(java.lang.Object) -> f
    84:84:int getFinalX(java.lang.Object) -> g
    88:88:int getFinalY(java.lang.Object) -> h
android.support.v4.widget.ScrollerCompatIcs -> android.support.v4.widget.ab:
    26:26:float getCurrVelocity(java.lang.Object) -> a
android.support.v4.widget.SearchViewCompat -> android.support.v4.widget.ac:
    android.support.v4.widget.SearchViewCompat$SearchViewCompatImpl IMPL -> a
    276:276:android.view.View newSearchView(android.content.Context) -> a
    290:291:void setSearchableInfo(android.view.View,android.content.ComponentName) -> a
    303:304:void setImeOptions(android.view.View,int) -> a
    316:317:void setInputType(android.view.View,int) -> b
    327:328:void setOnQueryTextListener(android.view.View,android.support.v4.widget.SearchViewCompat$OnQueryTextListenerCompat) -> a
    376:377:void setOnCloseListener(android.view.View,android.support.v4.widget.SearchViewCompat$OnCloseListenerCompat) -> a
    408:408:java.lang.CharSequence getQuery(android.view.View) -> a
    421:422:void setQuery(android.view.View,java.lang.CharSequence,boolean) -> a
    432:433:void setQueryHint(android.view.View,java.lang.CharSequence) -> a
    447:448:void setIconified(android.view.View,boolean) -> a
    458:458:boolean isIconified(android.view.View) -> b
    471:472:void setSubmitButtonEnabled(android.view.View,boolean) -> b
    481:481:boolean isSubmitButtonEnabled(android.view.View) -> c
    500:501:void setQueryRefinementEnabled(android.view.View,boolean) -> c
    509:509:boolean isQueryRefinementEnabled(android.view.View) -> d
    517:518:void setMaxWidth(android.view.View,int) -> c
    30:30:android.support.v4.widget.SearchViewCompat$SearchViewCompatImpl access$000() -> a
android.support.v4.widget.SearchViewCompat$OnCloseListenerCompat -> android.support.v4.widget.ac$a:
    java.lang.Object mListener -> a
    396:396:boolean onClose() -> a
android.support.v4.widget.SearchViewCompat$OnQueryTextListenerCompat -> android.support.v4.widget.ac$b:
    java.lang.Object mListener -> a
    353:353:boolean onQueryTextSubmit(java.lang.String) -> a
    365:365:boolean onQueryTextChange(java.lang.String) -> b