proguard/usage.txt
com.lewisen.goodnight.BuildConfig
com.lewisen.goodnight.DisplayImage:
    37:39:public void cleanCache()
com.lewisen.goodnight.GetJsonFromNet:
    23:23:public GetJsonFromNet()
com.lewisen.goodnight.GuideHelper:
    private static final java.lang.String GUIDE_VERSION_NAME
    private static final int GUIDE_VERSION_CODE
com.lewisen.goodnight.MaxID:
    public static final int GET_ID_SUCCESS
com.lewisen.goodnight.MyServer
com.lewisen.goodnight.PageDBHelper:
    private static final java.lang.String DATABASE_NAME
    private static final int DATABASE_VERSION
com.lewisen.goodnight.PageLoad:
    public static final int GET_RESOURCE_ERR
com.lewisen.goodnight.R:
    10:10:public R()
com.lewisen.goodnight.ScrollLayout:
    private static final int TOUCH_STATE_REST
    private static final int TOUCH_STATE_SCROLLING
    private static final int SNAP_VELOCITY
com.lewisen.goodnight.ScrollLayout$PageListener:
    public abstract void page(int)
com.lewisen.goodnight.articlePage.ArticlePage:
    private java.lang.String comment
    38:38:public java.lang.String getComment()
    41:42:public void setComment(java.lang.String)
com.lewisen.goodnight.articlePage.ArticlePageDBManager:
    118:119:public void deleteArticlePage(int)
    122:140:public java.util.ArrayList query()
    172:173:public void closeDB()
com.lewisen.goodnight.homePage.HomePageDBManager:
    139:140:public void deleteHomePage(int)
    143:164:public java.util.ArrayList query()
    197:198:public void closeDB()
com.lewisen.goodnight.like.LikeManager:
    public static final int GET_LIKE_SUCCESS
com.lewisen.goodnight.picturePage.PicturePage:
    private java.lang.String title
    private java.lang.String author
    39:39:public java.lang.String getTitle()
    42:43:public void setTitle(java.lang.String)
    45:45:public java.lang.String getAuthor()
    48:49:public void setAuthor(java.lang.String)
com.lewisen.goodnight.picturePage.PicturePageDBManager:
    118:119:public void deletePicturePage(int)
    150:151:public void closeDB()
com.lewisen.goodnight.player.Player:
    84:88:public void play()
...
android.support.v4.text.ICUCompat$ICUCompatImpl
android.support.v4.text.ICUCompat$ICUCompatImplBase
android.support.v4.text.ICUCompat$ICUCompatImplIcs
android.support.v4.text.ICUCompatIcs
android.support.v4.text.TextDirectionHeuristicCompat
android.support.v4.text.TextDirectionHeuristicsCompat
android.support.v4.text.TextDirectionHeuristicsCompat$1
android.support.v4.text.TextDirectionHeuristicsCompat$AnyStrong
android.support.v4.text.TextDirectionHeuristicsCompat$FirstStrong
android.support.v4.text.TextDirectionHeuristicsCompat$TextDirectionAlgorithm
android.support.v4.text.TextDirectionHeuristicsCompat$TextDirectionHeuristicImpl
android.support.v4.text.TextDirectionHeuristicsCompat$TextDirectionHeuristicInternal
android.support.v4.text.TextDirectionHeuristicsCompat$TextDirectionHeuristicLocale
android.support.v4.text.TextUtilsCompat
android.support.v4.util.ArrayMap:
    61:62:public ArrayMap(int)
    68:69:public ArrayMap(android.support.v4.util.SimpleArrayMap)
    130:130:public boolean containsAll(java.util.Collection)
    151:151:public boolean removeAll(java.util.Collection)
android.support.v4.util.AtomicFile
android.support.v4.util.CircularArray
android.support.v4.util.ContainerHelpers:
    19:19:ContainerHelpers()
    29:29:public static int idealLongArraySize(int)
    65:80:static int binarySearch(long[],int,long)
android.support.v4.util.DebugUtils:
    25:25:public DebugUtils()
android.support.v4.util.LongSparseArray
android.support.v4.util.Pair
android.support.v4.util.Pools:
    69:71:private Pools()
android.support.v4.util.Pools$Pool
android.support.v4.util.Pools$SimplePool:
    private final java.lang.Object[] mPool
    private int mPoolSize
    90:95:public Pools$SimplePool(int)
    100:107:public java.lang.Object acquire()
    112:120:public boolean release(java.lang.Object)
    124:129:private boolean isInPool(java.lang.Object)
android.support.v4.util.Pools$SynchronizedPool:
    private final java.lang.Object mLock
    149:150:public Pools$SynchronizedPool(int)
    154:156:public java.lang.Object acquire()
    161:163:public boolean release(java.lang.Object)
android.support.v4.util.SimpleArrayMap:
    private static final boolean DEBUG
    private static final java.lang.String TAG
    private static final int BASE_SIZE
    private static final int CACHE_SIZE
    217:225:public SimpleArrayMap(int)
    231:235:public SimpleArrayMap(android.support.v4.util.SimpleArrayMap)
    429:442:public void putAll(android.support.v4.util.SimpleArrayMap)
android.support.v4.util.SparseArrayCompat:
    119:123:public void removeAt(int)
    132:136:public void removeAtRange(int,int)
    263:268:public void setValueAt(int,java.lang.Object)
    276:280:public int indexOfKey(int)
    294:302:public int indexOfValue(java.lang.Object)
    325:352:public void append(int,java.lang.Object)
android.support.v4.util.TimeUtils:
    public static final int HUNDRED_DAY_FIELD_LEN
    private static final int SECONDS_PER_MINUTE
    private static final int SECONDS_PER_HOUR
    private static final int SECONDS_PER_DAY
    27:27:public TimeUtils()
    148:152:public static void formatDuration(long,java.lang.StringBuilder)
android.support.v4.view.AccessibilityDelegateCompatIcs:
    28:30:AccessibilityDelegateCompatIcs()
android.support.v4.view.AccessibilityDelegateCompatJellyBean:
    30:32:AccessibilityDelegateCompatJellyBean()
android.support.v4.view.ActionProvider
android.support.v4.view.ActionProvider$SubUiVisibilityListener
android.support.v4.view.ActionProvider$VisibilityListener
android.support.v4.view.GestureDetectorCompat
android.support.v4.view.GestureDetectorCompat$GestureDetectorCompatImpl
android.support.v4.view.GestureDetectorCompat$GestureDetectorCompatImplBase
android.support.v4.view.GestureDetectorCompat$GestureDetectorCompatImplBase$GestureHandler
android.support.v4.view.GestureDetectorCompat$GestureDetectorCompatImplJellybeanMr2